2024-01-28 07:43:15,572 (0.039) INSERT INTO "django_migrations" ("app", "name", "applied") VALUES ('users', '0004_alter_user_is_superuser', '2024-01-28T07:43:15.533353+00:00'::timestamptz) RETURNING "django_migrations"."id"; args=('users', '0004_alter_user_is_superuser', datetime.datetime(2024, 1, 28, 7, 43, 15, 533353, tzinfo=datetime.timezone.utc)); alias=default
2024-01-28 07:45:35,151 (0.048) INSERT INTO "django_migrations" ("app", "name", "applied") VALUES ('users', '0005_alter_user_is_superuser', '2024-01-28T07:45:35.102514+00:00'::timestamptz) RETURNING "django_migrations"."id"; args=('users', '0005_alter_user_is_superuser', datetime.datetime(2024, 1, 28, 7, 45, 35, 102514, tzinfo=datetime.timezone.utc)); alias=default
2024-01-28 09:07:21,592 CREATE TABLE "stocks_stock" ("id" bigint NOT NULL PRIMARY KEY GENERATED BY DEFAULT AS IDENTITY, "ticker" varchar(9) NOT NULL UNIQUE, "name" varchar(100) NOT NULL, "price" double precision NOT NULL, "week_growth" double precision NOT NULL, "five_year_growth" double precision NOT NULL, "cap_size" varchar(2) NOT NULL); (params None)
2024-01-28 09:07:21,680 (0.088) CREATE TABLE "stocks_stock" ("id" bigint NOT NULL PRIMARY KEY GENERATED BY DEFAULT AS IDENTITY, "ticker" varchar(9) NOT NULL UNIQUE, "name" varchar(100) NOT NULL, "price" double precision NOT NULL, "week_growth" double precision NOT NULL, "five_year_growth" double precision NOT NULL, "cap_size" varchar(2) NOT NULL); args=None; alias=default
2024-01-28 17:05:34,070 CREATE TABLE "stocks_userstocks" ("id" bigint NOT NULL PRIMARY KEY GENERATED BY DEFAULT AS IDENTITY, "stocks_id" bigint NOT NULL, "user_id" uuid NOT NULL); (params None)
2024-01-28 17:05:34,155 (0.085) CREATE TABLE "stocks_userstocks" ("id" bigint NOT NULL PRIMARY KEY GENERATED BY DEFAULT AS IDENTITY, "stocks_id" bigint NOT NULL, "user_id" uuid NOT NULL); args=None; alias=default
2024-01-28 17:05:34,155 ALTER TABLE "stocks_userstocks" ADD CONSTRAINT "stocks_userstocks_stocks_id_5a3baad7_fk_stocks_stock_id" FOREIGN KEY ("stocks_id") REFERENCES "stocks_stock" ("id") DEFERRABLE INITIALLY DEFERRED; (params None)
2024-01-28 17:05:34,197 (0.041) ALTER TABLE "stocks_userstocks" ADD CONSTRAINT "stocks_userstocks_stocks_id_5a3baad7_fk_stocks_stock_id" FOREIGN KEY ("stocks_id") REFERENCES "stocks_stock" ("id") DEFERRABLE INITIALLY DEFERRED; args=None; alias=default
2024-01-28 17:05:34,197 ALTER TABLE "stocks_userstocks" ADD CONSTRAINT "stocks_userstocks_user_id_c7abccb7_fk_users_user_id" FOREIGN KEY ("user_id") REFERENCES "users_user" ("id") DEFERRABLE INITIALLY DEFERRED; (params None)
2024-01-28 17:05:34,239 (0.042) ALTER TABLE "stocks_userstocks" ADD CONSTRAINT "stocks_userstocks_user_id_c7abccb7_fk_users_user_id" FOREIGN KEY ("user_id") REFERENCES "users_user" ("id") DEFERRABLE INITIALLY DEFERRED; args=None; alias=default
2024-01-28 19:55:24,672 CREATE TABLE "users_userportfolio" ("id" bigint NOT NULL PRIMARY KEY GENERATED BY DEFAULT AS IDENTITY, "small_cap_percentage" double precision NOT NULL, "medium_cap_percentage" double precision NOT NULL, "large_cap_percentage" double precision NOT NULL, "user_id" uuid NOT NULL); (params None)
2024-01-28 19:55:24,767 (0.095) CREATE TABLE "users_userportfolio" ("id" bigint NOT NULL PRIMARY KEY GENERATED BY DEFAULT AS IDENTITY, "small_cap_percentage" double precision NOT NULL, "medium_cap_percentage" double precision NOT NULL, "large_cap_percentage" double precision NOT NULL, "user_id" uuid NOT NULL); args=None; alias=default
2024-01-28 19:55:24,767 ALTER TABLE "users_userportfolio" ADD CONSTRAINT "users_userportfolio_user_id_bced5621_fk_users_user_id" FOREIGN KEY ("user_id") REFERENCES "users_user" ("id") DEFERRABLE INITIALLY DEFERRED; (params None)
2024-01-28 19:55:24,948 (0.181) ALTER TABLE "users_userportfolio" ADD CONSTRAINT "users_userportfolio_user_id_bced5621_fk_users_user_id" FOREIGN KEY ("user_id") REFERENCES "users_user" ("id") DEFERRABLE INITIALLY DEFERRED; args=None; alias=default
            WHERE cl.relname = 'users_userportfolio' AND pg_catalog.pg_table_is_visible(cl.oid)
                WHERE c.relname = 'users_userportfolio' AND pg_catalog.pg_table_is_visible(c.oid)
2024-01-28 20:31:42,037 SET CONSTRAINTS "users_userportfolio_user_id_bced5621_fk_users_user_id" IMMEDIATE; ALTER TABLE "users_userportfolio" DROP CONSTRAINT "users_userportfolio_user_id_bced5621_fk_users_user_id"; (params None)
2024-01-28 20:31:42,137 (0.099) SET CONSTRAINTS "users_userportfolio_user_id_bced5621_fk_users_user_id" IMMEDIATE; ALTER TABLE "users_userportfolio" DROP CONSTRAINT "users_userportfolio_user_id_bced5621_fk_users_user_id"; args=None; alias=default
2024-01-28 20:31:42,638 DROP INDEX IF EXISTS "users_userportfolio_user_id_bced5621"; (params None)
2024-01-28 20:31:42,701 (0.063) DROP INDEX IF EXISTS "users_userportfolio_user_id_bced5621"; args=None; alias=default
2024-01-28 20:31:42,702 ALTER TABLE "users_userportfolio" ADD CONSTRAINT "users_userportfolio_user_id_bced5621_uniq" UNIQUE ("user_id"); (params None)
2024-01-28 20:31:42,744 (0.042) ALTER TABLE "users_userportfolio" ADD CONSTRAINT "users_userportfolio_user_id_bced5621_uniq" UNIQUE ("user_id"); args=None; alias=default
2024-01-28 20:31:42,745 ALTER TABLE "users_userportfolio" ADD CONSTRAINT "users_userportfolio_user_id_bced5621_fk_users_user_id" FOREIGN KEY ("user_id") REFERENCES "users_user" ("id") DEFERRABLE INITIALLY DEFERRED; (params None)
2024-01-28 20:31:42,905 (0.160) ALTER TABLE "users_userportfolio" ADD CONSTRAINT "users_userportfolio_user_id_bced5621_fk_users_user_id" FOREIGN KEY ("user_id") REFERENCES "users_user" ("id") DEFERRABLE INITIALLY DEFERRED; args=None; alias=default
2024-01-28 20:31:43,560 (0.247) INSERT INTO "django_migrations" ("app", "name", "applied") VALUES ('users', '0007_alter_userportfolio_user', '2024-01-28T20:31:43.312782+00:00'::timestamptz) RETURNING "django_migrations"."id"; args=('users', '0007_alter_userportfolio_user', datetime.datetime(2024, 1, 28, 20, 31, 43, 312782, tzinfo=datetime.timezone.utc)); alias=default
2024-01-28 20:49:03,441 CREATE TABLE "users_userportfolioactual" ("id" bigint NOT NULL PRIMARY KEY GENERATED BY DEFAULT AS IDENTITY, "small_cap_percentage" double precision NOT NULL, "medium_cap_percentage" double precision NOT NULL, "large_cap_percentage" double precision NOT NULL, "user_id" uuid NOT NULL UNIQUE); (params None)
2024-01-28 20:49:03,585 (0.144) CREATE TABLE "users_userportfolioactual" ("id" bigint NOT NULL PRIMARY KEY GENERATED BY DEFAULT AS IDENTITY, "small_cap_percentage" double precision NOT NULL, "medium_cap_percentage" double precision NOT NULL, "large_cap_percentage" double precision NOT NULL, "user_id" uuid NOT NULL UNIQUE); args=None; alias=default
2024-01-28 20:49:03,586 ALTER TABLE "users_userportfolioactual" ADD CONSTRAINT "users_userportfolioactual_user_id_15b8287d_fk_users_user_id" FOREIGN KEY ("user_id") REFERENCES "users_user" ("id") DEFERRABLE INITIALLY DEFERRED; (params None)
2024-01-28 20:49:03,628 (0.043) ALTER TABLE "users_userportfolioactual" ADD CONSTRAINT "users_userportfolioactual_user_id_15b8287d_fk_users_user_id" FOREIGN KEY ("user_id") REFERENCES "users_user" ("id") DEFERRABLE INITIALLY DEFERRED; args=None; alias=default
2024-01-24 14:30:01,394 ALTER TABLE "users_user" RENAME COLUMN "test" TO "moo"; (params None)
2024-01-24 14:30:01,484 (0.090) ALTER TABLE "users_user" RENAME COLUMN "test" TO "moo"; args=None; alias=default
2024-01-24 14:30:34,647 ALTER TABLE "users_user" RENAME COLUMN "test" TO "moo"; (params None)
2024-01-24 14:30:34,762 (0.115) ALTER TABLE "users_user" RENAME COLUMN "test" TO "moo"; args=None; alias=default
2024-01-24 14:35:09,068 ALTER TABLE "users_user" ADD COLUMN "moo" varchar(20) NULL; (params None)
2024-01-24 14:35:09,161 (0.093) ALTER TABLE "users_user" ADD COLUMN "moo" varchar(20) NULL; args=None; alias=default
2024-01-24 14:35:59,581 ALTER TABLE "users_user" DROP COLUMN "moo" CASCADE; (params None)
2024-01-24 14:35:59,669 (0.088) ALTER TABLE "users_user" DROP COLUMN "moo" CASCADE; args=None; alias=default
2024-01-28 20:45:19,199 CREATE TABLE "stocksSuggestion_stockssuggestion" ("id" bigint NOT NULL PRIMARY KEY GENERATED BY DEFAULT AS IDENTITY, "iteration" integer NOT NULL, "creation_time" timestamp with time zone NOT NULL, "stock_id" bigint NOT NULL, "user_id" uuid NOT NULL); (params None)
2024-01-28 20:45:19,294 (0.095) CREATE TABLE "stocksSuggestion_stockssuggestion" ("id" bigint NOT NULL PRIMARY KEY GENERATED BY DEFAULT AS IDENTITY, "iteration" integer NOT NULL, "creation_time" timestamp with time zone NOT NULL, "stock_id" bigint NOT NULL, "user_id" uuid NOT NULL); args=None; alias=default
2024-01-28 20:45:19,295 ALTER TABLE "stocksSuggestion_stockssuggestion" ADD CONSTRAINT "stocksSuggestion_sto_stock_id_a35371ce_fk_stocks_st" FOREIGN KEY ("stock_id") REFERENCES "stocks_stock" ("id") DEFERRABLE INITIALLY DEFERRED; (params None)
2024-01-28 20:45:19,337 (0.042) ALTER TABLE "stocksSuggestion_stockssuggestion" ADD CONSTRAINT "stocksSuggestion_sto_stock_id_a35371ce_fk_stocks_st" FOREIGN KEY ("stock_id") REFERENCES "stocks_stock" ("id") DEFERRABLE INITIALLY DEFERRED; args=None; alias=default
2024-01-28 20:45:19,338 ALTER TABLE "stocksSuggestion_stockssuggestion" ADD CONSTRAINT "stocksSuggestion_sto_user_id_81f5bc49_fk_users_use" FOREIGN KEY ("user_id") REFERENCES "users_user" ("id") DEFERRABLE INITIALLY DEFERRED; (params None)
2024-01-28 20:45:19,381 (0.043) ALTER TABLE "stocksSuggestion_stockssuggestion" ADD CONSTRAINT "stocksSuggestion_sto_user_id_81f5bc49_fk_users_use" FOREIGN KEY ("user_id") REFERENCES "users_user" ("id") DEFERRABLE INITIALLY DEFERRED; args=None; alias=default
2024-01-28 21:10:33,591 ALTER TABLE "stocksSuggestion_stockssuggestion" ADD COLUMN "price_per_share" double precision DEFAULT 0.0 NOT NULL; (params None)
2024-01-28 21:10:33,683 (0.092) ALTER TABLE "stocksSuggestion_stockssuggestion" ADD COLUMN "price_per_share" double precision DEFAULT 0.0 NOT NULL; args=None; alias=default
2024-01-28 21:10:33,683 ALTER TABLE "stocksSuggestion_stockssuggestion" ALTER COLUMN "price_per_share" DROP DEFAULT; (params None)
2024-01-28 21:10:33,801 (0.118) ALTER TABLE "stocksSuggestion_stockssuggestion" ALTER COLUMN "price_per_share" DROP DEFAULT; args=None; alias=default
2024-01-28 21:10:33,809 ALTER TABLE "stocksSuggestion_stockssuggestion" ADD COLUMN "shares" double precision DEFAULT 0.0 NOT NULL; (params None)
2024-01-28 21:10:33,942 (0.133) ALTER TABLE "stocksSuggestion_stockssuggestion" ADD COLUMN "shares" double precision DEFAULT 0.0 NOT NULL; args=None; alias=default
2024-01-28 21:10:33,943 ALTER TABLE "stocksSuggestion_stockssuggestion" ALTER COLUMN "shares" DROP DEFAULT; (params None)
2024-01-28 21:10:34,045 (0.102) ALTER TABLE "stocksSuggestion_stockssuggestion" ALTER COLUMN "shares" DROP DEFAULT; args=None; alias=default
2024-01-28 22:03:16,447 ALTER TABLE "stocksSuggestion_stockssuggestion" RENAME TO "stocksSuggestion_stocksuggestion"; (params None)
2024-01-28 22:03:16,644 (0.197) ALTER TABLE "stocksSuggestion_stockssuggestion" RENAME TO "stocksSuggestion_stocksuggestion"; args=None; alias=default
2024-01-28 22:03:17,023 (0.042) INSERT INTO "django_migrations" ("app", "name", "applied") VALUES ('stocksSuggestion', '0003_rename_stockssuggestion_stocksuggestion', '2024-01-28T22:03:16.981103+00:00'::timestamptz) RETURNING "django_migrations"."id"; args=('stocksSuggestion', '0003_rename_stockssuggestion_stocksuggestion', datetime.datetime(2024, 1, 28, 22, 3, 16, 981103, tzinfo=datetime.timezone.utc)); alias=default
2024-01-28 22:09:14,339 CREATE TABLE "suggestions_stocksuggestion" ("id" bigint NOT NULL PRIMARY KEY GENERATED BY DEFAULT AS IDENTITY, "iteration" integer NOT NULL, "shares" double precision NOT NULL, "price_per_share" double precision NOT NULL, "creation_time" timestamp with time zone NOT NULL, "stock_id" bigint NOT NULL, "user_id" uuid NOT NULL); (params None)
2024-01-28 22:09:14,596 (0.256) CREATE TABLE "suggestions_stocksuggestion" ("id" bigint NOT NULL PRIMARY KEY GENERATED BY DEFAULT AS IDENTITY, "iteration" integer NOT NULL, "shares" double precision NOT NULL, "price_per_share" double precision NOT NULL, "creation_time" timestamp with time zone NOT NULL, "stock_id" bigint NOT NULL, "user_id" uuid NOT NULL); args=None; alias=default
2024-01-28 22:09:14,597 ALTER TABLE "suggestions_stocksuggestion" ADD CONSTRAINT "suggestions_stocksug_stock_id_41d15b27_fk_stocks_st" FOREIGN KEY ("stock_id") REFERENCES "stocks_stock" ("id") DEFERRABLE INITIALLY DEFERRED; (params None)
2024-01-28 22:09:14,716 (0.119) ALTER TABLE "suggestions_stocksuggestion" ADD CONSTRAINT "suggestions_stocksug_stock_id_41d15b27_fk_stocks_st" FOREIGN KEY ("stock_id") REFERENCES "stocks_stock" ("id") DEFERRABLE INITIALLY DEFERRED; args=None; alias=default
2024-01-28 22:09:14,716 ALTER TABLE "suggestions_stocksuggestion" ADD CONSTRAINT "suggestions_stocksuggestion_user_id_32d7d4fa_fk_users_user_id" FOREIGN KEY ("user_id") REFERENCES "users_user" ("id") DEFERRABLE INITIALLY DEFERRED; (params None)
2024-01-28 22:09:14,817 (0.101) ALTER TABLE "suggestions_stocksuggestion" ADD CONSTRAINT "suggestions_stocksuggestion_user_id_32d7d4fa_fk_users_user_id" FOREIGN KEY ("user_id") REFERENCES "users_user" ("id") DEFERRABLE INITIALLY DEFERRED; args=None; alias=default
2024-02-01 16:55:54,907 ALTER TABLE "stocks_userstocks" ADD COLUMN "shares" double precision DEFAULT 0.0 NOT NULL; (params None)
2024-02-01 16:55:55,002 (0.095) ALTER TABLE "stocks_userstocks" ADD COLUMN "shares" double precision DEFAULT 0.0 NOT NULL; args=None; alias=default
2024-02-01 16:55:55,003 ALTER TABLE "stocks_userstocks" ALTER COLUMN "shares" DROP DEFAULT; (params None)
2024-02-01 16:55:55,047 (0.044) ALTER TABLE "stocks_userstocks" ALTER COLUMN "shares" DROP DEFAULT; args=None; alias=default
2024-02-01 16:57:10,768 (0.044) INSERT INTO "django_migrations" ("app", "name", "applied") VALUES ('stocks', '0004_alter_userstocks_shares', '2024-02-01T16:57:10.724414+00:00'::timestamptz) RETURNING "django_migrations"."id"; args=('stocks', '0004_alter_userstocks_shares', datetime.datetime(2024, 2, 1, 16, 57, 10, 724414, tzinfo=datetime.timezone.utc)); alias=default
2024-02-01 17:06:34,107 ALTER TABLE "stocks_userstocks" ADD CONSTRAINT "stocks_userstocks_user_id_stocks_id_8dad793c_uniq" UNIQUE ("user_id", "stocks_id"); (params None)
2024-02-01 17:06:34,249 (0.142) ALTER TABLE "stocks_userstocks" ADD CONSTRAINT "stocks_userstocks_user_id_stocks_id_8dad793c_uniq" UNIQUE ("user_id", "stocks_id"); args=None; alias=default
2024-02-01 17:06:34,349 (0.051) INSERT INTO "django_migrations" ("app", "name", "applied") VALUES ('stocks', '0005_alter_userstocks_unique_together', '2024-02-01T17:06:34.297776+00:00'::timestamptz) RETURNING "django_migrations"."id"; args=('stocks', '0005_alter_userstocks_unique_together', datetime.datetime(2024, 2, 1, 17, 6, 34, 297776, tzinfo=datetime.timezone.utc)); alias=default
2024-02-01 23:16:33,269 DROP TABLE "users_userportfolioactual" CASCADE; (params None)
2024-02-01 23:16:33,357 (0.089) DROP TABLE "users_userportfolioactual" CASCADE; args=None; alias=default
2024-02-03 21:41:18,711 CREATE TABLE "users_usercashbalance" ("id" bigint NOT NULL PRIMARY KEY GENERATED BY DEFAULT AS IDENTITY, "current_cash_balance" double precision NOT NULL, "proj_1year_balance" double precision NOT NULL, "proj_5year_balance" double precision NOT NULL, "user_id" uuid NOT NULL UNIQUE); (params None)
2024-02-03 21:41:18,873 (0.162) CREATE TABLE "users_usercashbalance" ("id" bigint NOT NULL PRIMARY KEY GENERATED BY DEFAULT AS IDENTITY, "current_cash_balance" double precision NOT NULL, "proj_1year_balance" double precision NOT NULL, "proj_5year_balance" double precision NOT NULL, "user_id" uuid NOT NULL UNIQUE); args=None; alias=default
2024-02-03 21:41:18,874 ALTER TABLE "users_usercashbalance" ADD CONSTRAINT "users_usercashbalance_user_id_c52f6726_fk_users_user_id" FOREIGN KEY ("user_id") REFERENCES "users_user" ("id") DEFERRABLE INITIALLY DEFERRED; (params None)
2024-02-03 21:41:18,954 (0.079) ALTER TABLE "users_usercashbalance" ADD CONSTRAINT "users_usercashbalance_user_id_c52f6726_fk_users_user_id" FOREIGN KEY ("user_id") REFERENCES "users_user" ("id") DEFERRABLE INITIALLY DEFERRED; args=None; alias=default
